2022-04-12 13:43:11 INFO  ProjectStartupHandler.runActivity(74) - ---------- Project opened ----------
2022-04-12 13:43:11 INFO  ProjectStartupHandler.runActivity(75) - ---------- Version 3.56 ----------

2022-04-12 13:43:11 INFO  ProjectStartupHandler.setAutoscrolls(346) - Autoscrolls successfully set
2022-04-12 13:43:11 INFO  ApacheHttpClient.isSessionAppropriateWithSecretKey(589) - The session is not set in the property file.
2022-04-12 13:43:12 INFO  ApacheHttpClient.login(250) - Waiting for server response.
2022-04-12 13:43:12 INFO  ApacheHttpClient.login(250) - Waiting for server response.
2022-04-12 13:43:12 INFO  ApacheHttpClient.login(254) - responseCode = 200
2022-04-12 13:43:12 INFO  ApacheHttpClient.login(277) - JSESSIONID OK
2022-04-12 13:43:12 INFO  ApacheHttpClient.refreshUserInfo(305) - responseCode = 200
2022-04-12 13:43:12 INFO  ApacheHttpClient.refreshUserInfo(311) - User information received.
2022-04-12 13:43:12 INFO  ApacheHttpClient.startGA(36) - GAService started.
2022-04-12 13:43:17 INFO  ApacheHttpClient.getWebResourceAsStream(502) - responseCode = 200
2022-04-12 13:43:19 INFO  ApacheHttpClient.getFilteredTasks(336) - responseCode = 200
2022-04-12 13:43:29 INFO  ApacheHttpClient.getFilteredTasks(336) - responseCode = 200
2022-04-12 13:43:38 INFO  ApacheHttpClient.getFilteredTasks(336) - responseCode = 200
2022-04-12 13:43:39 INFO  ApacheHttpClient.getTaskTemplateInfo(353) - responseCode = 200
2022-04-12 13:43:39 INFO  TaskInfoSelectorMouseListener.createDirectoryRecursive(77) - File created :C:/Users/PassingPedestrian/OneDrive/Документы/JavaRushTasks/1.JavaSyntax/src/com
2022-04-12 13:43:39 INFO  TaskInfoSelectorMouseListener.createDirectoryRecursive(77) - File created :C:/Users/PassingPedestrian/OneDrive/Документы/JavaRushTasks/1.JavaSyntax/src/com/javarush
2022-04-12 13:43:39 INFO  TaskInfoSelectorMouseListener.createDirectoryRecursive(77) - File created :C:/Users/PassingPedestrian/OneDrive/Документы/JavaRushTasks/1.JavaSyntax/src/com/javarush/task
2022-04-12 13:43:39 INFO  TaskInfoSelectorMouseListener.createDirectoryRecursive(77) - File created :C:/Users/PassingPedestrian/OneDrive/Документы/JavaRushTasks/1.JavaSyntax/src/com/javarush/task/task05
2022-04-12 13:43:39 INFO  TaskInfoSelectorMouseListener.createDirectoryRecursive(77) - File created :C:/Users/PassingPedestrian/OneDrive/Документы/JavaRushTasks/1.JavaSyntax/src/com/javarush/task/task05/task0502
2022-04-12 13:43:54 INFO  ApacheHttpClient.getWebResourceAsStream(502) - responseCode = 200
2022-04-12 13:43:55 INFO  ApacheHttpClient.getFilteredTasks(336) - responseCode = 200
2022-04-12 13:44:00 INFO  ApacheHttpClient.getFilteredTasks(336) - responseCode = 200
2022-04-12 13:44:12 INFO  ProjectStartupHandler.projectClosing(155) - ---------- Project closed ----------

2022-04-12 13:44:12 INFO  ApacheHttpClient.getTask(488) - responseCode = 200
2022-04-12 13:44:12 INFO  PluginProjectService.dispose(41) - PluginProjectService for disposed.
2022-04-12 18:01:30 INFO  ProjectStartupHandler.runActivity(74) - ---------- Project opened ----------
2022-04-12 18:01:30 INFO  ProjectStartupHandler.runActivity(75) - ---------- Version 3.56 ----------

2022-04-12 18:01:30 INFO  ProjectStartupHandler.setAutoscrolls(346) - Autoscrolls successfully set
2022-04-12 18:01:30 INFO  ApacheHttpClient.isSessionAppropriateWithSecretKey(602) - Waiting for server response.
2022-04-12 18:01:31 INFO  ApacheHttpClient.refreshUserInfo(305) - responseCode = 200
2022-04-12 18:01:31 INFO  ApacheHttpClient.refreshUserInfo(311) - User information received.
2022-04-12 18:01:31 INFO  ApacheHttpClient.startGA(36) - GAService started.
2022-04-12 18:21:39 INFO  ApacheHttpClient.getWebResourceAsStream(502) - responseCode = 200
2022-04-12 18:21:40 INFO  ApacheHttpClient.getFilteredTasks(336) - responseCode = 200
2022-04-12 18:21:44 INFO  ApacheHttpClient.getTaskTemplateInfo(353) - responseCode = 200
2022-04-12 18:21:44 INFO  TaskInfoSelectorMouseListener.createDirectoryRecursive(77) - File created :C:/Users/PassingPedestrian/OneDrive/Документы/JavaRushTasks/1.JavaSyntax/src/com/javarush/task/task06
2022-04-12 18:21:44 INFO  TaskInfoSelectorMouseListener.createDirectoryRecursive(77) - File created :C:/Users/PassingPedestrian/OneDrive/Документы/JavaRushTasks/1.JavaSyntax/src/com/javarush/task/task06/task0601
2022-04-12 18:24:44 INFO  ApacheHttpClient.getWebResourceAsStream(502) - responseCode = 200
2022-04-12 18:24:44 INFO  ApacheHttpClient.getTask(488) - responseCode = 200
2022-04-12 18:24:45 INFO  ApacheHttpClient.completed(32) - responseCode = 200
2022-04-12 18:24:45 INFO  ApacheHttpClient.getTask(488) - responseCode = 200
2022-04-12 18:25:37 INFO  ProjectStartupHandler.projectClosing(155) - ---------- Project closed ----------

2022-04-12 18:25:38 INFO  ApacheHttpClient.getTask(488) - responseCode = 200
2022-04-12 18:25:38 INFO  PluginProjectService.dispose(41) - PluginProjectService for disposed.
2022-04-12 18:26:09 INFO  ProjectStartupHandler.runActivity(74) - ---------- Project opened ----------
2022-04-12 18:26:09 INFO  ProjectStartupHandler.runActivity(75) - ---------- Version 3.56 ----------

2022-04-12 18:26:09 INFO  ApacheHttpClient.isSessionAppropriateWithSecretKey(602) - Waiting for server response.
2022-04-12 18:26:09 INFO  ApacheHttpClient.isSessionAppropriateWithSecretKey(602) - Waiting for server response.
2022-04-12 18:26:09 INFO  ApacheHttpClient.refreshUserInfo(305) - responseCode = 200
2022-04-12 18:26:09 INFO  ApacheHttpClient.refreshUserInfo(311) - User information received.
2022-04-12 18:26:09 INFO  ApacheHttpClient.startGA(36) - GAService started.
2022-04-12 18:26:18 INFO  ApacheHttpClient.getWebResourceAsStream(502) - responseCode = 200
2022-04-12 18:26:19 INFO  ApacheHttpClient.getFilteredTasks(336) - responseCode = 200
2022-04-12 18:26:22 INFO  ApacheHttpClient.getTaskTemplateInfo(353) - responseCode = 200
2022-04-12 18:26:22 INFO  TaskInfoSelectorMouseListener.createDirectoryRecursive(77) - File created :C:/Users/PassingPedestrian/OneDrive/Документы/JavaRushTasks/1.JavaSyntax/src/com/javarush/task/task06/task0602
2022-04-12 18:29:35 INFO  ApacheHttpClient.getWebResourceAsStream(502) - responseCode = 200
2022-04-12 18:29:36 INFO  ApacheHttpClient.getTask(488) - responseCode = 200
2022-04-12 18:29:37 INFO  ApacheHttpClient.completed(32) - responseCode = 200
2022-04-12 18:29:37 INFO  ApacheHttpClient.getTask(488) - responseCode = 200
2022-04-12 18:29:51 INFO  ApacheHttpClient.getWebResourceAsStream(502) - responseCode = 200
2022-04-12 18:29:51 INFO  ApacheHttpClient.getFilteredTasks(336) - responseCode = 200
2022-04-12 18:29:53 INFO  ApacheHttpClient.getTaskTemplateInfo(353) - responseCode = 200
2022-04-12 18:29:53 INFO  TaskInfoSelectorMouseListener.createDirectoryRecursive(77) - File created :C:/Users/PassingPedestrian/OneDrive/Документы/JavaRushTasks/1.JavaSyntax/src/com/javarush/task/task06/task0603
2022-04-12 18:36:16 INFO  ApacheHttpClient.getWebResourceAsStream(502) - responseCode = 200
2022-04-12 18:36:17 INFO  ApacheHttpClient.getTask(488) - responseCode = 200
2022-04-12 18:36:21 INFO  ApacheHttpClient.completed(32) - responseCode = 200
2022-04-12 18:36:21 INFO  ApacheHttpClient.getTask(488) - responseCode = 200
2022-04-12 18:42:24 INFO  ProjectStartupHandler.projectClosing(155) - ---------- Project closed ----------

2022-04-12 18:42:24 INFO  ApacheHttpClient.getTask(488) - responseCode = 200
2022-04-12 18:42:24 INFO  ApacheHttpClient.getTask(488) - responseCode = 200
2022-04-12 18:42:24 INFO  PluginProjectService.dispose(41) - PluginProjectService for disposed.
2022-04-12 18:43:08 INFO  ProjectStartupHandler.runActivity(74) - ---------- Project opened ----------
2022-04-12 18:43:08 INFO  ProjectStartupHandler.runActivity(75) - ---------- Version 3.56 ----------

2022-04-12 18:43:08 INFO  ApacheHttpClient.isSessionAppropriateWithSecretKey(602) - Waiting for server response.
2022-04-12 18:43:08 INFO  ApacheHttpClient.isSessionAppropriateWithSecretKey(602) - Waiting for server response.
2022-04-12 18:43:08 INFO  ApacheHttpClient.refreshUserInfo(305) - responseCode = 200
2022-04-12 18:43:08 INFO  ApacheHttpClient.refreshUserInfo(311) - User information received.
2022-04-12 18:43:08 INFO  ApacheHttpClient.startGA(36) - GAService started.
2022-04-12 18:43:17 INFO  ApacheHttpClient.getWebResourceAsStream(502) - responseCode = 200
2022-04-12 18:43:17 INFO  ApacheHttpClient.getFilteredTasks(336) - responseCode = 200
2022-04-12 18:43:23 INFO  ApacheHttpClient.getTaskTemplateInfo(353) - responseCode = 200
2022-04-12 18:43:23 INFO  TaskInfoSelectorMouseListener.createDirectoryRecursive(77) - File created :C:/Users/PassingPedestrian/OneDrive/Документы/JavaRushTasks/1.JavaSyntax/src/com/javarush/task/task06/task0604
2022-04-12 18:46:20 INFO  ApacheHttpClient.getWebResourceAsStream(502) - responseCode = 200
2022-04-12 18:46:21 INFO  ApacheHttpClient.getTask(488) - responseCode = 200
2022-04-12 18:46:22 INFO  ApacheHttpClient.completed(32) - responseCode = 200
2022-04-12 18:46:22 INFO  ApacheHttpClient.getTask(488) - responseCode = 200
2022-04-12 18:46:25 INFO  ApacheHttpClient.getWebResourceAsStream(502) - responseCode = 200
2022-04-12 18:46:26 INFO  ApacheHttpClient.getFilteredTasks(336) - responseCode = 200
2022-04-12 18:46:30 INFO  ApacheHttpClient.getTaskTemplateInfo(353) - responseCode = 200
2022-04-12 18:46:30 INFO  TaskInfoSelectorMouseListener.createDirectoryRecursive(77) - File created :C:/Users/PassingPedestrian/OneDrive/Документы/JavaRushTasks/1.JavaSyntax/src/com/javarush/task/task06/task0606
2022-04-12 18:50:34 INFO  ApacheHttpClient.getWebResourceAsStream(502) - responseCode = 200
2022-04-12 18:50:34 INFO  ApacheHttpClient.getFilteredTasks(336) - responseCode = 200
2022-04-12 18:50:41 INFO  ApacheHttpClient.getFilteredTasks(336) - responseCode = 200
2022-04-12 18:51:34 INFO  ApacheHttpClient.getFilteredTasks(336) - responseCode = 200
2022-04-12 19:41:20 INFO  ApacheHttpClient.getWebResourceAsStream(502) - responseCode = 200
2022-04-12 19:41:20 INFO  ApacheHttpClient.getTask(488) - responseCode = 200
2022-04-12 19:41:21 INFO  ApacheHttpClient.completed(32) - responseCode = 200
2022-04-12 19:41:22 INFO  ApacheHttpClient.getTask(488) - responseCode = 200
2022-04-12 19:41:44 INFO  ProjectStartupHandler.projectClosing(155) - ---------- Project closed ----------

2022-04-12 19:41:44 INFO  ApacheHttpClient.getTask(488) - responseCode = 200
2022-04-12 19:41:44 INFO  ApacheHttpClient.getTask(488) - responseCode = 200
2022-04-12 19:41:44 INFO  ApacheHttpClient.getTask(488) - responseCode = 200
2022-04-12 19:41:45 INFO  PluginProjectService.dispose(41) - PluginProjectService for disposed.
2022-04-13 10:18:04 INFO  ProjectStartupHandler.runActivity(74) - ---------- Project opened ----------
2022-04-13 10:18:04 INFO  ProjectStartupHandler.runActivity(75) - ---------- Version 3.56 ----------

2022-04-13 10:18:04 INFO  ApacheHttpClient.isSessionAppropriateWithSecretKey(602) - Waiting for server response.
2022-04-13 10:18:04 INFO  ApacheHttpClient.refreshUserInfo(305) - responseCode = 200
2022-04-13 10:18:04 INFO  ApacheHttpClient.refreshUserInfo(311) - User information received.
2022-04-13 10:18:04 INFO  ApacheHttpClient.startGA(36) - GAService started.
2022-04-13 10:18:22 INFO  ApacheHttpClient.getWebResourceAsStream(502) - responseCode = 200
2022-04-13 10:18:24 INFO  ApacheHttpClient.getFilteredTasks(336) - responseCode = 200
2022-04-13 10:18:49 INFO  ApacheHttpClient.getFilteredTasks(336) - responseCode = 200
2022-04-13 10:18:57 INFO  ApacheHttpClient.getFilteredTasks(336) - responseCode = 200
2022-04-13 10:19:05 INFO  ApacheHttpClient.getFilteredTasks(336) - responseCode = 200
2022-04-13 10:19:25 INFO  ApacheHttpClient.getTaskTemplateInfo(353) - responseCode = 200
2022-04-13 10:19:25 INFO  TaskInfoSelectorMouseListener.createDirectoryRecursive(77) - File created :C:/Users/PassingPedestrian/OneDrive/Документы/JavaRushTasks/1.JavaSyntax/src/com/javarush/task/task06/task0607
2022-04-13 10:21:30 INFO  ApacheHttpClient.getWebResourceAsStream(502) - responseCode = 200
2022-04-13 10:21:30 INFO  ApacheHttpClient.getTask(488) - responseCode = 200
2022-04-13 10:21:31 INFO  ApacheHttpClient.completed(32) - responseCode = 200
2022-04-13 10:21:31 INFO  ApacheHttpClient.getTask(488) - responseCode = 200
2022-04-13 10:21:35 INFO  ApacheHttpClient.getWebResourceAsStream(502) - responseCode = 200
2022-04-13 10:21:35 INFO  ApacheHttpClient.getFilteredTasks(336) - responseCode = 200
2022-04-13 10:21:49 INFO  ApacheHttpClient.getTaskTemplateInfo(353) - responseCode = 200
2022-04-13 10:21:49 INFO  TaskInfoSelectorMouseListener.createDirectoryRecursive(77) - File created :C:/Users/PassingPedestrian/OneDrive/Документы/JavaRushTasks/1.JavaSyntax/src/com/javarush/task/task06/task0608
2022-04-13 10:23:59 INFO  ApacheHttpClient.getWebResourceAsStream(502) - responseCode = 200
2022-04-13 10:23:59 INFO  ApacheHttpClient.getTask(488) - responseCode = 200
2022-04-13 10:24:00 INFO  ApacheHttpClient.completed(32) - responseCode = 200
2022-04-13 10:24:00 INFO  ApacheHttpClient.getTask(488) - responseCode = 200
2022-04-13 10:24:03 INFO  ApacheHttpClient.getWebResourceAsStream(502) - responseCode = 200
2022-04-13 10:24:04 INFO  ApacheHttpClient.getFilteredTasks(336) - responseCode = 200
2022-04-13 10:54:10 INFO  ApacheHttpClient.getTaskTemplateInfo(353) - responseCode = 200
2022-04-13 10:54:10 INFO  TaskInfoSelectorMouseListener.createDirectoryRecursive(77) - File created :C:/Users/PassingPedestrian/OneDrive/Документы/JavaRushTasks/1.JavaSyntax/src/com/javarush/task/task06/task0609
2022-04-13 10:58:24 INFO  ApacheHttpClient.getWebResourceAsStream(502) - responseCode = 200
2022-04-13 10:58:24 INFO  ApacheHttpClient.getTask(488) - responseCode = 200
2022-04-13 10:58:26 INFO  ApacheHttpClient.completed(32) - responseCode = 200
2022-04-13 11:02:39 INFO  ApacheHttpClient.getWebResourceAsStream(502) - responseCode = 200
2022-04-13 11:02:40 INFO  ApacheHttpClient.getTask(488) - responseCode = 200
2022-04-13 11:02:41 INFO  ApacheHttpClient.completed(32) - responseCode = 200
2022-04-13 11:02:42 INFO  ApacheHttpClient.getTask(488) - responseCode = 200
2022-04-13 11:02:48 INFO  ApacheHttpClient.getWebResourceAsStream(502) - responseCode = 200
2022-04-13 11:02:49 INFO  ApacheHttpClient.getFilteredTasks(336) - responseCode = 200
2022-04-13 11:02:51 INFO  ApacheHttpClient.getTaskTemplateInfo(353) - responseCode = 200
2022-04-13 11:02:51 INFO  TaskInfoSelectorMouseListener.createDirectoryRecursive(77) - File created :C:/Users/PassingPedestrian/OneDrive/Документы/JavaRushTasks/1.JavaSyntax/src/com/javarush/task/task06/task0610
2022-04-13 11:10:15 INFO  ApacheHttpClient.getWebResourceAsStream(502) - responseCode = 200
2022-04-13 11:10:15 INFO  ApacheHttpClient.getTask(488) - responseCode = 200
2022-04-13 11:10:16 INFO  ApacheHttpClient.completed(32) - responseCode = 200
2022-04-13 11:10:16 INFO  ApacheHttpClient.getTask(488) - responseCode = 200
2022-04-13 11:22:29 INFO  ApacheHttpClient.getWebResourceAsStream(502) - responseCode = 200
2022-04-13 11:22:29 INFO  ApacheHttpClient.getFilteredTasks(336) - responseCode = 200
2022-04-13 11:22:33 INFO  ApacheHttpClient.getTaskTemplateInfo(353) - responseCode = 200
2022-04-13 11:22:33 INFO  TaskInfoSelectorMouseListener.createDirectoryRecursive(77) - File created :C:/Users/PassingPedestrian/OneDrive/Документы/JavaRushTasks/1.JavaSyntax/src/com/javarush/task/task06/task0611
2022-04-13 11:25:55 INFO  ApacheHttpClient.getWebResourceAsStream(502) - responseCode = 200
2022-04-13 11:25:55 INFO  ApacheHttpClient.getTask(488) - responseCode = 200
2022-04-13 11:25:57 INFO  ApacheHttpClient.completed(32) - responseCode = 200
2022-04-13 11:25:57 INFO  ApacheHttpClient.getTask(488) - responseCode = 200
2022-04-13 11:25:59 INFO  ApacheHttpClient.getWebResourceAsStream(502) - responseCode = 200
2022-04-13 11:26:00 INFO  ApacheHttpClient.getFilteredTasks(336) - responseCode = 200
2022-04-13 11:26:02 INFO  ApacheHttpClient.getTaskTemplateInfo(353) - responseCode = 200
2022-04-13 11:26:02 INFO  TaskInfoSelectorMouseListener.createDirectoryRecursive(77) - File created :C:/Users/PassingPedestrian/OneDrive/Документы/JavaRushTasks/1.JavaSyntax/src/com/javarush/task/task06/task0605
2022-04-13 11:46:29 INFO  ApacheHttpClient.getWebResourceAsStream(502) - responseCode = 200
2022-04-13 11:46:30 INFO  ApacheHttpClient.getTask(488) - responseCode = 200
2022-04-13 11:46:30 INFO  ApacheHttpClient.completed(32) - responseCode = 200
2022-04-13 11:47:31 INFO  ApacheHttpClient.getWebResourceAsStream(502) - responseCode = 200
2022-04-13 11:47:32 INFO  ApacheHttpClient.getTask(488) - responseCode = 200
2022-04-13 11:47:33 INFO  ApacheHttpClient.completed(32) - responseCode = 200
2022-04-13 11:47:33 INFO  ApacheHttpClient.getTask(488) - responseCode = 200
2022-04-13 11:47:35 INFO  ApacheHttpClient.getWebResourceAsStream(502) - responseCode = 200
2022-04-13 11:47:35 INFO  ApacheHttpClient.getFilteredTasks(336) - responseCode = 200
2022-04-13 11:47:47 INFO  ApacheHttpClient.getTaskTemplateInfo(353) - responseCode = 200
2022-04-13 11:47:47 INFO  TaskInfoSelectorMouseListener.createDirectoryRecursive(77) - File created :C:/Users/PassingPedestrian/OneDrive/Документы/JavaRushTasks/1.JavaSyntax/src/com/javarush/task/task06/task0612
2022-04-13 11:55:05 INFO  ApacheHttpClient.getWebResourceAsStream(502) - responseCode = 200
2022-04-13 11:55:06 INFO  ApacheHttpClient.getTask(488) - responseCode = 200
2022-04-13 11:55:07 INFO  ApacheHttpClient.completed(32) - responseCode = 200
2022-04-13 11:55:08 INFO  ApacheHttpClient.getTask(488) - responseCode = 200
2022-04-13 11:55:10 INFO  ApacheHttpClient.getWebResourceAsStream(502) - responseCode = 200
2022-04-13 11:55:10 INFO  ApacheHttpClient.getFilteredTasks(336) - responseCode = 200
2022-04-13 12:24:42 INFO  ProjectStartupHandler.projectClosing(155) - ---------- Project closed ----------

2022-04-13 12:24:42 INFO  ApacheHttpClient.getTask(488) - responseCode = 200
2022-04-13 12:24:43 INFO  ApacheHttpClient.getTask(488) - responseCode = 200
2022-04-13 12:24:43 INFO  ApacheHttpClient.getTask(488) - responseCode = 200
2022-04-13 12:24:43 INFO  ApacheHttpClient.getTask(488) - responseCode = 200
2022-04-13 12:24:43 INFO  ApacheHttpClient.getTask(488) - responseCode = 200
2022-04-13 12:24:44 INFO  ApacheHttpClient.getTask(488) - responseCode = 200
2022-04-13 12:24:44 INFO  ApacheHttpClient.getTask(488) - responseCode = 200
2022-04-13 12:24:44 INFO  ApacheHttpClient.getTask(488) - responseCode = 200
2022-04-13 12:24:44 INFO  ApacheHttpClient.getTask(488) - responseCode = 200
2022-04-13 12:24:44 INFO  ApacheHttpClient.getTask(488) - responseCode = 200
2022-04-13 12:24:45 INFO  PluginProjectService.dispose(41) - PluginProjectService for disposed.
2022-04-13 13:51:02 INFO  ProjectStartupHandler.runActivity(74) - ---------- Project opened ----------
2022-04-13 13:51:02 INFO  ProjectStartupHandler.runActivity(75) - ---------- Version 3.56 ----------

2022-04-13 13:51:02 INFO  ApacheHttpClient.isSessionAppropriateWithSecretKey(602) - Waiting for server response.
2022-04-13 13:51:02 INFO  ApacheHttpClient.isSessionAppropriateWithSecretKey(602) - Waiting for server response.
2022-04-13 13:51:02 INFO  ApacheHttpClient.refreshUserInfo(305) - responseCode = 200
2022-04-13 13:51:02 INFO  ApacheHttpClient.refreshUserInfo(311) - User information received.
2022-04-13 13:51:02 INFO  ApacheHttpClient.startGA(36) - GAService started.
2022-04-13 13:51:14 INFO  ApacheHttpClient.getWebResourceAsStream(502) - responseCode = 200
2022-04-13 13:51:14 INFO  ApacheHttpClient.getFilteredTasks(336) - responseCode = 200
2022-04-13 13:51:24 INFO  ApacheHttpClient.getTaskTemplateInfo(353) - responseCode = 200
2022-04-13 13:51:24 INFO  TaskInfoSelectorMouseListener.createDirectoryRecursive(77) - File created :C:/Users/PassingPedestrian/OneDrive/Документы/JavaRushTasks/1.JavaSyntax/src/com/javarush/task/task06/task0613
2022-04-13 14:08:22 INFO  ApacheHttpClient.getWebResourceAsStream(502) - responseCode = 200
2022-04-13 14:08:23 INFO  ApacheHttpClient.getTask(488) - responseCode = 200
2022-04-13 14:08:25 INFO  ApacheHttpClient.completed(32) - responseCode = 200
2022-04-13 14:08:25 INFO  ApacheHttpClient.getTask(488) - responseCode = 200
2022-04-13 14:08:28 INFO  ApacheHttpClient.getWebResourceAsStream(502) - responseCode = 200
2022-04-13 14:08:29 INFO  ApacheHttpClient.getFilteredTasks(336) - responseCode = 200
2022-04-13 14:08:33 INFO  ApacheHttpClient.getTaskTemplateInfo(353) - responseCode = 200
2022-04-13 14:08:33 INFO  TaskInfoSelectorMouseListener.createDirectoryRecursive(77) - File created :C:/Users/PassingPedestrian/OneDrive/Документы/JavaRushTasks/1.JavaSyntax/src/com/javarush/task/task06/task0614
2022-04-13 14:26:11 INFO  ApacheHttpClient.getWebResourceAsStream(502) - responseCode = 200
2022-04-13 14:26:11 INFO  ApacheHttpClient.getTask(488) - responseCode = 200
2022-04-13 14:26:14 INFO  ApacheHttpClient.completed(32) - responseCode = 200
2022-04-13 14:26:15 INFO  ApacheHttpClient.getTask(488) - responseCode = 200
2022-04-13 14:26:17 INFO  ApacheHttpClient.getWebResourceAsStream(502) - responseCode = 200
2022-04-13 14:26:17 INFO  ApacheHttpClient.getFilteredTasks(336) - responseCode = 200
2022-04-13 14:26:19 INFO  ApacheHttpClient.getTaskTemplateInfo(353) - responseCode = 200
2022-04-13 14:26:19 INFO  TaskInfoSelectorMouseListener.createDirectoryRecursive(77) - File created :C:/Users/PassingPedestrian/OneDrive/Документы/JavaRushTasks/1.JavaSyntax/src/com/javarush/task/task06/task0615
2022-04-13 14:26:20 INFO  ApacheHttpClient.getTaskTemplateInfo(353) - responseCode = 200
2022-04-13 14:29:58 INFO  ApacheHttpClient.getWebResourceAsStream(502) - responseCode = 200
2022-04-13 14:29:58 INFO  ApacheHttpClient.getTask(488) - responseCode = 200
2022-04-13 14:29:59 INFO  ApacheHttpClient.completed(32) - responseCode = 200
2022-04-13 14:30:00 INFO  ApacheHttpClient.getTask(488) - responseCode = 200
2022-04-13 14:30:02 INFO  ApacheHttpClient.getWebResourceAsStream(502) - responseCode = 200
2022-04-13 14:30:03 INFO  ApacheHttpClient.getFilteredTasks(336) - responseCode = 200
2022-04-13 14:30:10 INFO  ApacheHttpClient.getTaskTemplateInfo(353) - responseCode = 200
2022-04-13 14:30:10 INFO  TaskInfoSelectorMouseListener.createDirectoryRecursive(77) - File created :C:/Users/PassingPedestrian/OneDrive/Документы/JavaRushTasks/1.JavaSyntax/src/com/javarush/task/task06/task0616
2022-04-13 14:30:10 INFO  ApacheHttpClient.getTaskTemplateInfo(353) - responseCode = 200
2022-04-13 14:35:07 INFO  ProjectStartupHandler.runActivity(74) - ---------- Project opened ----------
2022-04-13 14:35:07 INFO  ProjectStartupHandler.runActivity(75) - ---------- Version 3.56 ----------

2022-04-13 14:35:07 INFO  ApacheHttpClient.isSessionAppropriateWithSecretKey(602) - Waiting for server response.
2022-04-13 14:35:07 INFO  ApacheHttpClient.refreshUserInfo(305) - responseCode = 200
2022-04-13 14:35:07 INFO  ApacheHttpClient.refreshUserInfo(311) - User information received.
2022-04-13 14:35:07 INFO  ApacheHttpClient.startGA(36) - GAService started.
2022-04-13 14:40:46 INFO  ApacheHttpClient.getWebResourceAsStream(502) - responseCode = 200
2022-04-13 14:40:47 INFO  ApacheHttpClient.getTask(488) - responseCode = 200
2022-04-13 14:40:48 INFO  ApacheHttpClient.completed(32) - responseCode = 200
2022-04-13 14:40:48 INFO  ApacheHttpClient.getTask(488) - responseCode = 200
2022-04-13 14:40:51 INFO  ApacheHttpClient.getWebResourceAsStream(502) - responseCode = 200
2022-04-13 14:40:51 INFO  ApacheHttpClient.getFilteredTasks(336) - responseCode = 200
2022-04-13 14:40:58 INFO  ApacheHttpClient.getTaskTemplateInfo(353) - responseCode = 200
2022-04-13 14:40:58 INFO  TaskInfoSelectorMouseListener.createDirectoryRecursive(77) - File created :C:/Users/PassingPedestrian/OneDrive/Документы/JavaRushTasks/1.JavaSyntax/src/com/javarush/task/task06/task0617
2022-04-13 14:46:46 INFO  ApacheHttpClient.getWebResourceAsStream(502) - responseCode = 200
2022-04-13 14:46:46 INFO  ApacheHttpClient.getTask(488) - responseCode = 200
2022-04-13 14:46:47 INFO  ApacheHttpClient.completed(32) - responseCode = 200
2022-04-13 14:46:47 INFO  ApacheHttpClient.getTask(488) - responseCode = 200
2022-04-13 14:46:50 INFO  ApacheHttpClient.getWebResourceAsStream(502) - responseCode = 200
2022-04-13 14:46:51 INFO  ApacheHttpClient.getFilteredTasks(336) - responseCode = 200
2022-04-13 14:46:53 INFO  ApacheHttpClient.getTaskTemplateInfo(353) - responseCode = 200
2022-04-13 14:46:53 INFO  TaskInfoSelectorMouseListener.createDirectoryRecursive(77) - File created :C:/Users/PassingPedestrian/OneDrive/Документы/JavaRushTasks/1.JavaSyntax/src/com/javarush/task/task06/task0618
2022-04-13 14:46:53 INFO  ApacheHttpClient.getTaskTemplateInfo(353) - responseCode = 200
2022-04-13 14:53:45 INFO  ProjectStartupHandler.runActivity(74) - ---------- Project opened ----------
2022-04-13 14:53:45 INFO  ProjectStartupHandler.runActivity(75) - ---------- Version 3.56 ----------

2022-04-13 14:53:45 INFO  ApacheHttpClient.isSessionAppropriateWithSecretKey(602) - Waiting for server response.
2022-04-13 14:53:45 INFO  ApacheHttpClient.isSessionAppropriateWithSecretKey(602) - Waiting for server response.
2022-04-13 14:53:46 INFO  ApacheHttpClient.refreshUserInfo(305) - responseCode = 200
2022-04-13 14:53:46 INFO  ApacheHttpClient.refreshUserInfo(311) - User information received.
2022-04-13 14:53:46 INFO  ApacheHttpClient.startGA(36) - GAService started.
2022-04-13 14:56:43 INFO  ApacheHttpClient.getWebResourceAsStream(502) - responseCode = 200
2022-04-13 14:56:44 INFO  ApacheHttpClient.getTask(488) - responseCode = 200
2022-04-13 14:56:45 INFO  ApacheHttpClient.completed(32) - responseCode = 200
2022-04-13 14:56:46 INFO  ApacheHttpClient.getTask(488) - responseCode = 200
2022-04-13 14:56:48 INFO  ApacheHttpClient.getWebResourceAsStream(502) - responseCode = 200
2022-04-13 14:56:48 INFO  ApacheHttpClient.getFilteredTasks(336) - responseCode = 200
2022-04-13 14:56:52 INFO  ApacheHttpClient.getTaskTemplateInfo(353) - responseCode = 200
2022-04-13 14:56:52 INFO  TaskInfoSelectorMouseListener.createDirectoryRecursive(77) - File created :C:/Users/PassingPedestrian/OneDrive/Документы/JavaRushTasks/1.JavaSyntax/src/com/javarush/task/task06/task0619
2022-04-13 14:59:13 INFO  ApacheHttpClient.getWebResourceAsStream(502) - responseCode = 200
2022-04-13 14:59:13 INFO  ApacheHttpClient.getTask(488) - responseCode = 200
2022-04-13 14:59:14 INFO  ApacheHttpClient.completed(32) - responseCode = 200
2022-04-13 14:59:14 INFO  ApacheHttpClient.getTask(488) - responseCode = 200
2022-04-13 14:59:17 INFO  ApacheHttpClient.getWebResourceAsStream(502) - responseCode = 200
2022-04-13 14:59:17 INFO  ApacheHttpClient.getFilteredTasks(336) - responseCode = 200
2022-04-13 14:59:19 INFO  ApacheHttpClient.getTaskTemplateInfo(353) - responseCode = 200
2022-04-13 14:59:20 INFO  TaskInfoSelectorMouseListener.createDirectoryRecursive(77) - File created :C:/Users/PassingPedestrian/OneDrive/Документы/JavaRushTasks/1.JavaSyntax/src/com/javarush/task/task06/task0620
2022-04-13 15:02:26 INFO  ApacheHttpClient.getWebResourceAsStream(502) - responseCode = 200
2022-04-13 15:02:26 INFO  ApacheHttpClient.getTask(488) - responseCode = 200
2022-04-13 15:02:27 INFO  ApacheHttpClient.completed(32) - responseCode = 200
2022-04-13 15:02:28 INFO  ApacheHttpClient.getTask(488) - responseCode = 200
2022-04-13 15:02:30 INFO  ApacheHttpClient.getWebResourceAsStream(502) - responseCode = 200
2022-04-13 15:02:30 INFO  ApacheHttpClient.getFilteredTasks(336) - responseCode = 200
2022-04-13 15:02:33 INFO  ApacheHttpClient.getTaskTemplateInfo(353) - responseCode = 200
2022-04-13 15:02:33 INFO  TaskInfoSelectorMouseListener.createDirectoryRecursive(77) - File created :C:/Users/PassingPedestrian/OneDrive/Документы/JavaRushTasks/1.JavaSyntax/src/com/javarush/task/task06/task0621
2022-04-13 15:02:33 INFO  ApacheHttpClient.getTaskTemplateInfo(353) - responseCode = 200
2022-04-14 07:35:57 INFO  ProjectStartupHandler.runActivity(74) - ---------- Project opened ----------
2022-04-14 07:35:57 INFO  ProjectStartupHandler.runActivity(75) - ---------- Version 3.56 ----------

2022-04-14 07:35:57 INFO  ApacheHttpClient.isSessionAppropriateWithSecretKey(602) - Waiting for server response.
2022-04-14 07:35:57 INFO  ApacheHttpClient.refreshUserInfo(305) - responseCode = 200
2022-04-14 07:35:57 INFO  ApacheHttpClient.refreshUserInfo(311) - User information received.
2022-04-14 07:35:57 INFO  ApacheHttpClient.startGA(36) - GAService started.
2022-04-14 08:11:49 INFO  ApacheHttpClient.getWebResourceAsStream(502) - responseCode = 200
2022-04-14 08:11:50 INFO  ApacheHttpClient.getTask(488) - responseCode = 200
2022-04-14 08:11:51 INFO  ApacheHttpClient.completed(32) - responseCode = 200
2022-04-14 08:12:07 INFO  ApacheHttpClient.getWebResourceAsStream(502) - responseCode = 200
2022-04-14 08:12:07 INFO  ApacheHttpClient.getTask(488) - responseCode = 200
2022-04-14 08:12:09 INFO  ApacheHttpClient.completed(32) - responseCode = 200
2022-04-14 08:13:19 INFO  ApacheHttpClient.getWebResourceAsStream(502) - responseCode = 200
2022-04-14 08:13:20 INFO  ApacheHttpClient.getTask(488) - responseCode = 200
2022-04-14 08:13:21 INFO  ApacheHttpClient.completed(32) - responseCode = 200
2022-04-14 08:14:26 INFO  ApacheHttpClient.getWebResourceAsStream(502) - responseCode = 200
2022-04-14 08:14:27 INFO  ApacheHttpClient.completed(32) - responseCode = 200
2022-04-14 08:14:28 INFO  ApacheHttpClient.getTask(488) - responseCode = 200
2022-04-14 08:14:28 INFO  ApacheHttpClient.getTask(488) - responseCode = 200
2022-04-14 08:14:38 INFO  ApacheHttpClient.getWebResourceAsStream(502) - responseCode = 200
2022-04-14 08:14:38 INFO  ApacheHttpClient.getFilteredTasks(336) - responseCode = 200
2022-04-14 08:15:52 INFO  ApacheHttpClient.getTaskTemplateInfo(353) - responseCode = 200
2022-04-14 08:15:52 INFO  TaskInfoSelectorMouseListener.createDirectoryRecursive(77) - File created :C:/Users/PassingPedestrian/OneDrive/Документы/JavaRushTasks/1.JavaSyntax/src/com/javarush/task/task06/task0622
2022-04-14 08:38:37 INFO  ApacheHttpClient.getWebResourceAsStream(502) - responseCode = 200
2022-04-14 08:38:37 INFO  ApacheHttpClient.getTask(488) - responseCode = 200
2022-04-14 08:38:38 INFO  ApacheHttpClient.completed(32) - responseCode = 200
2022-04-14 08:39:21 INFO  ApacheHttpClient.getWebResourceAsStream(502) - responseCode = 200
2022-04-14 08:39:21 INFO  ApacheHttpClient.completed(32) - responseCode = 200
2022-04-14 08:39:21 INFO  ApacheHttpClient.getTask(488) - responseCode = 200
2022-04-14 08:40:19 INFO  ApacheHttpClient.getWebResourceAsStream(502) - responseCode = 200
2022-04-14 08:40:19 INFO  ApacheHttpClient.getTask(488) - responseCode = 200
2022-04-14 08:40:19 INFO  ApacheHttpClient.completed(32) - responseCode = 200
2022-04-14 08:41:02 INFO  ApacheHttpClient.getWebResourceAsStream(502) - responseCode = 200
2022-04-14 08:41:03 INFO  ApacheHttpClient.getTask(488) - responseCode = 200
2022-04-14 08:41:05 INFO  ApacheHttpClient.completed(32) - responseCode = 200
2022-04-14 08:41:05 INFO  ApacheHttpClient.getTask(488) - responseCode = 200
2022-04-14 15:46:40 INFO  ProjectStartupHandler.projectClosing(155) - ---------- Project closed ----------

2022-04-14 15:46:40 INFO  ApacheHttpClient.getTask(488) - responseCode = 200
2022-04-14 15:46:40 INFO  ApacheHttpClient.getTask(488) - responseCode = 200
2022-04-14 15:46:41 INFO  ApacheHttpClient.getTask(488) - responseCode = 200
2022-04-14 15:46:41 INFO  ApacheHttpClient.getTask(488) - responseCode = 200
2022-04-14 15:46:41 INFO  ApacheHttpClient.getTask(488) - responseCode = 200
2022-04-14 15:46:41 INFO  ApacheHttpClient.getTask(488) - responseCode = 200
2022-04-14 15:46:42 INFO  ApacheHttpClient.getTask(488) - responseCode = 200
2022-04-14 15:46:42 INFO  ApacheHttpClient.getTask(488) - responseCode = 200
2022-04-14 15:46:42 INFO  ApacheHttpClient.getTask(488) - responseCode = 200
2022-04-14 15:46:42 INFO  PluginProjectService.dispose(41) - PluginProjectService for disposed.
2022-04-17 09:33:20 INFO  ProjectStartupHandler.runActivity(74) - ---------- Project opened ----------
2022-04-17 09:33:20 INFO  ProjectStartupHandler.runActivity(75) - ---------- Version 3.56 ----------

2022-04-17 09:33:20 INFO  ApacheHttpClient.isSessionAppropriateWithSecretKey(602) - Waiting for server response.
2022-04-17 09:33:20 INFO  ApacheHttpClient.isSessionAppropriateWithSecretKey(602) - Waiting for server response.
2022-04-17 09:33:20 INFO  ApacheHttpClient.refreshUserInfo(305) - responseCode = 200
2022-04-17 09:33:20 INFO  ApacheHttpClient.refreshUserInfo(311) - User information received.
2022-04-17 09:33:20 INFO  ApacheHttpClient.startGA(36) - GAService started.
2022-04-17 09:38:40 INFO  ApacheHttpClient.getWebResourceAsStream(502) - responseCode = 200
2022-04-17 09:38:40 INFO  ApacheHttpClient.getFilteredTasks(336) - responseCode = 200
2022-04-17 10:05:33 INFO  ApacheHttpClient.getWebResourceAsStream(502) - responseCode = 200
2022-04-17 10:05:33 INFO  ApacheHttpClient.getFilteredTasks(336) - responseCode = 200
2022-04-17 10:05:41 INFO  ApacheHttpClient.getFilteredTasks(336) - responseCode = 200
2022-04-17 10:05:59 INFO  ApacheHttpClient.getTaskTemplateInfo(353) - responseCode = 200
2022-04-17 10:05:59 INFO  TaskInfoSelectorMouseListener.createDirectoryRecursive(77) - File created :C:/Users/PassingPedestrian/OneDrive/Документы/JavaRushTasks/1.JavaSyntax/src/com/javarush/task/task07
2022-04-17 10:05:59 INFO  TaskInfoSelectorMouseListener.createDirectoryRecursive(77) - File created :C:/Users/PassingPedestrian/OneDrive/Документы/JavaRushTasks/1.JavaSyntax/src/com/javarush/task/task07/task0701
2022-04-17 10:29:02 INFO  ApacheHttpClient.getWebResourceAsStream(502) - responseCode = 200
2022-04-17 10:29:02 INFO  ApacheHttpClient.getTask(488) - responseCode = 200
2022-04-17 10:29:03 INFO  ApacheHttpClient.completed(32) - responseCode = 200
2022-04-17 10:29:45 INFO  ApacheHttpClient.getWebResourceAsStream(502) - responseCode = 200
2022-04-17 10:29:46 INFO  ApacheHttpClient.getTask(488) - responseCode = 200
2022-04-17 10:29:47 INFO  ApacheHttpClient.completed(32) - responseCode = 200
2022-04-17 10:29:47 INFO  ApacheHttpClient.getTask(488) - responseCode = 200
2022-04-17 10:29:51 INFO  ApacheHttpClient.getWebResourceAsStream(502) - responseCode = 200
2022-04-17 10:29:52 INFO  ApacheHttpClient.getFilteredTasks(336) - responseCode = 200
2022-04-17 10:29:54 INFO  ApacheHttpClient.getTaskTemplateInfo(353) - responseCode = 200
2022-04-17 10:29:54 INFO  TaskInfoSelectorMouseListener.createDirectoryRecursive(77) - File created :C:/Users/PassingPedestrian/OneDrive/Документы/JavaRushTasks/1.JavaSyntax/src/com/javarush/task/task07/task0702
2022-04-17 10:42:27 INFO  ApacheHttpClient.getWebResourceAsStream(502) - responseCode = 200
2022-04-17 10:42:27 INFO  ApacheHttpClient.getTask(488) - responseCode = 200
2022-04-17 10:42:28 INFO  ApacheHttpClient.completed(32) - responseCode = 200
2022-04-17 10:42:29 INFO  ApacheHttpClient.getTask(488) - responseCode = 200
2022-04-17 11:03:21 INFO  ApacheHttpClient.getWebResourceAsStream(502) - responseCode = 200
2022-04-17 11:03:21 INFO  ApacheHttpClient.getFilteredTasks(336) - responseCode = 200
2022-04-17 11:03:23 INFO  ApacheHttpClient.getTaskTemplateInfo(353) - responseCode = 200
2022-04-17 11:03:23 INFO  TaskInfoSelectorMouseListener.createDirectoryRecursive(77) - File created :C:/Users/PassingPedestrian/OneDrive/Документы/JavaRushTasks/1.JavaSyntax/src/com/javarush/task/task07/task0703
2022-04-17 11:09:31 INFO  ApacheHttpClient.getWebResourceAsStream(502) - responseCode = 200
2022-04-17 11:09:31 INFO  ApacheHttpClient.getTask(488) - responseCode = 200
2022-04-17 11:09:33 INFO  ApacheHttpClient.completed(32) - responseCode = 200
2022-04-17 11:09:34 INFO  ApacheHttpClient.getTask(488) - responseCode = 200
2022-04-17 11:09:36 INFO  ApacheHttpClient.getWebResourceAsStream(502) - responseCode = 200
2022-04-17 11:09:37 INFO  ApacheHttpClient.getFilteredTasks(336) - responseCode = 200
2022-04-17 11:09:39 INFO  ApacheHttpClient.getTaskTemplateInfo(353) - responseCode = 200
2022-04-17 11:09:39 INFO  TaskInfoSelectorMouseListener.createDirectoryRecursive(77) - File created :C:/Users/PassingPedestrian/OneDrive/Документы/JavaRushTasks/1.JavaSyntax/src/com/javarush/task/task07/task0704
2022-04-17 11:12:27 INFO  ApacheHttpClient.getWebResourceAsStream(502) - responseCode = 200
2022-04-17 11:12:27 INFO  ApacheHttpClient.getTask(488) - responseCode = 200
2022-04-17 11:12:28 INFO  ApacheHttpClient.completed(32) - responseCode = 200
2022-04-17 11:12:29 INFO  ApacheHttpClient.getTask(488) - responseCode = 200
2022-04-17 11:12:31 INFO  ApacheHttpClient.getWebResourceAsStream(502) - responseCode = 200
2022-04-17 11:12:31 INFO  ApacheHttpClient.getFilteredTasks(336) - responseCode = 200
2022-04-17 11:12:32 INFO  ApacheHttpClient.getTaskTemplateInfo(353) - responseCode = 200
2022-04-17 11:12:32 INFO  TaskInfoSelectorMouseListener.createDirectoryRecursive(77) - File created :C:/Users/PassingPedestrian/OneDrive/Документы/JavaRushTasks/1.JavaSyntax/src/com/javarush/task/task07/task0705
2022-04-17 11:20:47 INFO  ApacheHttpClient.getWebResourceAsStream(502) - responseCode = 200
2022-04-17 11:20:48 INFO  ApacheHttpClient.getTask(488) - responseCode = 200
2022-04-17 11:20:49 INFO  ApacheHttpClient.completed(32) - responseCode = 200
2022-04-17 11:20:49 INFO  ApacheHttpClient.getTask(488) - responseCode = 200
2022-04-17 11:20:53 INFO  ApacheHttpClient.getWebResourceAsStream(502) - responseCode = 200
2022-04-17 11:20:53 INFO  ApacheHttpClient.getFilteredTasks(336) - responseCode = 200
2022-04-17 11:20:55 INFO  ApacheHttpClient.getTaskTemplateInfo(353) - responseCode = 200
2022-04-17 11:20:55 INFO  TaskInfoSelectorMouseListener.createDirectoryRecursive(77) - File created :C:/Users/PassingPedestrian/OneDrive/Документы/JavaRushTasks/1.JavaSyntax/src/com/javarush/task/task07/task0706
2022-04-17 11:33:38 INFO  ApacheHttpClient.getWebResourceAsStream(502) - responseCode = 200
2022-04-17 11:33:38 INFO  ApacheHttpClient.getTask(488) - responseCode = 200
2022-04-17 11:33:41 INFO  ApacheHttpClient.completed(32) - responseCode = 200
2022-04-17 11:34:55 INFO  ApacheHttpClient.getWebResourceAsStream(502) - responseCode = 200
2022-04-17 11:34:56 INFO  ApacheHttpClient.getTask(488) - responseCode = 200
2022-04-17 11:35:00 INFO  ApacheHttpClient.completed(32) - responseCode = 200
2022-04-17 11:35:01 INFO  ApacheHttpClient.getTask(488) - responseCode = 200
2022-04-17 11:35:03 INFO  ApacheHttpClient.getWebResourceAsStream(502) - responseCode = 200
2022-04-17 11:35:03 INFO  ApacheHttpClient.getFilteredTasks(336) - responseCode = 200
2022-04-17 11:43:31 INFO  ApacheHttpClient.getWebResourceAsStream(502) - responseCode = 200
2022-04-17 11:43:31 INFO  ApacheHttpClient.getFilteredTasks(336) - responseCode = 200
2022-04-17 11:43:33 INFO  ApacheHttpClient.getTaskTemplateInfo(353) - responseCode = 200
2022-04-17 11:43:33 INFO  TaskInfoSelectorMouseListener.createDirectoryRecursive(77) - File created :C:/Users/PassingPedestrian/OneDrive/Документы/JavaRushTasks/1.JavaSyntax/src/com/javarush/task/task07/task0707
2022-04-17 11:49:03 INFO  ApacheHttpClient.getWebResourceAsStream(502) - responseCode = 200
2022-04-17 11:49:03 INFO  ApacheHttpClient.getTask(488) - responseCode = 200
2022-04-17 11:49:10 INFO  ApacheHttpClient.completed(32) - responseCode = 200
2022-04-17 11:49:10 INFO  ApacheHttpClient.getTask(488) - responseCode = 200
2022-04-17 11:49:13 INFO  ApacheHttpClient.getWebResourceAsStream(502) - responseCode = 200
2022-04-17 11:49:13 WARN  PluginUtil.getCurrentTask(78) - Error while retrieving the task key.
java.lang.StringIndexOutOfBoundsException: String index out of range: -1
	at java.base/java.lang.String.substring(String.java:1837)
	at com.homework.plugin.PluginUtil.getCurrentVirtualFile(PluginUtil.java:160)
	at com.homework.plugin.PluginUtil.getCurrentTask(PluginUtil.java:69)
	at com.homework.plugin.button.ValidateButton.actionPerformed(ValidateButton.java:57)
	at com.intellij.openapi.actionSystem.impl.ActionButton.actionPerformed(ActionButton.java:178)
	at com.intellij.openapi.actionSystem.impl.ActionButton.lambda$performAction$0(ActionButton.java:154)
	at com.intellij.openapi.actionSystem.ex.ActionUtil.performDumbAwareWithCallbacks(ActionUtil.java:260)
	at com.intellij.openapi.actionSystem.impl.ActionButton.performAction(ActionButton.java:154)
	at com.intellij.openapi.actionSystem.impl.ActionButton.processMouseEvent(ActionButton.java:449)
	at java.desktop/java.awt.Component.processEvent(Component.java:6419)
	at java.desktop/java.awt.Container.processEvent(Container.java:2263)
	at java.desktop/java.awt.Component.dispatchEventImpl(Component.java:5029)
	at java.desktop/java.awt.Container.dispatchEventImpl(Container.java:2321)
	at java.desktop/java.awt.Component.dispatchEvent(Component.java:4861)
	at java.desktop/java.awt.LightweightDispatcher.retargetMouseEvent(Container.java:4918)
	at java.desktop/java.awt.LightweightDispatcher.processMouseEvent(Container.java:4547)
	at java.desktop/java.awt.LightweightDispatcher.dispatchEvent(Container.java:4488)
	at java.desktop/java.awt.Container.dispatchEventImpl(Container.java:2307)
	at java.desktop/java.awt.Window.dispatchEventImpl(Window.java:2790)
	at java.desktop/java.awt.Component.dispatchEvent(Component.java:4861)
	at java.desktop/java.awt.EventQueue.dispatchEventImpl(EventQueue.java:778)
	at java.desktop/java.awt.EventQueue$4.run(EventQueue.java:727)
	at java.desktop/java.awt.EventQueue$4.run(EventQueue.java:721)
	at java.base/java.security.AccessController.doPrivileged(Native Method)
	at java.base/java.security.ProtectionDomain$JavaSecurityAccessImpl.doIntersectionPrivilege(ProtectionDomain.java:85)
	at java.base/java.security.ProtectionDomain$JavaSecurityAccessImpl.doIntersectionPrivilege(ProtectionDomain.java:95)
	at java.desktop/java.awt.EventQueue$5.run(EventQueue.java:751)
	at java.desktop/java.awt.EventQueue$5.run(EventQueue.java:749)
	at java.base/java.security.AccessController.doPrivileged(Native Method)
	at java.base/java.security.ProtectionDomain$JavaSecurityAccessImpl.doIntersectionPrivilege(ProtectionDomain.java:85)
	at java.desktop/java.awt.EventQueue.dispatchEvent(EventQueue.java:748)
	at com.intellij.ide.IdeEventQueue.defaultDispatchEvent(IdeEventQueue.java:891)
	at com.intellij.ide.IdeEventQueue.dispatchMouseEvent(IdeEventQueue.java:820)
	at com.intellij.ide.IdeEventQueue._dispatchEvent(IdeEventQueue.java:757)
	at com.intellij.ide.IdeEventQueue.lambda$dispatchEvent$6(IdeEventQueue.java:447)
	at com.intellij.openapi.progress.impl.CoreProgressManager.computePrioritized(CoreProgressManager.java:818)
	at com.intellij.ide.IdeEventQueue.lambda$dispatchEvent$7(IdeEventQueue.java:446)
	at com.intellij.openapi.application.impl.ApplicationImpl.runIntendedWriteActionOnCurrentThread(ApplicationImpl.java:805)
	at com.intellij.ide.IdeEventQueue.dispatchEvent(IdeEventQueue.java:498)
	at java.desktop/java.awt.EventDispatchThread.pumpOneEventForFilters(EventDispatchThread.java:203)
	at java.desktop/java.awt.EventDispatchThread.pumpEventsForFilter(EventDispatchThread.java:124)
	at java.desktop/java.awt.EventDispatchThread.pumpEventsForHierarchy(EventDispatchThread.java:113)
	at java.desktop/java.awt.EventDispatchThread.pumpEvents(EventDispatchThread.java:109)
	at java.desktop/java.awt.EventDispatchThread.pumpEvents(EventDispatchThread.java:101)
	at java.desktop/java.awt.EventDispatchThread.run(EventDispatchThread.java:90)
2022-04-17 11:49:13 WARN  PluginUtil.getCurrentDirectory(109) - Error while getting the current directory.
java.lang.StringIndexOutOfBoundsException: String index out of range: -1
	at java.base/java.lang.String.substring(String.java:1837)
	at com.homework.plugin.PluginUtil.getCurrentVirtualFile(PluginUtil.java:160)
	at com.homework.plugin.PluginUtil.getCurrentDirectory(PluginUtil.java:107)
	at com.homework.plugin.button.ValidateButton.actionPerformed(ValidateButton.java:62)
	at com.intellij.openapi.actionSystem.impl.ActionButton.actionPerformed(ActionButton.java:178)
	at com.intellij.openapi.actionSystem.impl.ActionButton.lambda$performAction$0(ActionButton.java:154)
	at com.intellij.openapi.actionSystem.ex.ActionUtil.performDumbAwareWithCallbacks(ActionUtil.java:260)
	at com.intellij.openapi.actionSystem.impl.ActionButton.performAction(ActionButton.java:154)
	at com.intellij.openapi.actionSystem.impl.ActionButton.processMouseEvent(ActionButton.java:449)
	at java.desktop/java.awt.Component.processEvent(Component.java:6419)
	at java.desktop/java.awt.Container.processEvent(Container.java:2263)
	at java.desktop/java.awt.Component.dispatchEventImpl(Component.java:5029)
	at java.desktop/java.awt.Container.dispatchEventImpl(Container.java:2321)
	at java.desktop/java.awt.Component.dispatchEvent(Component.java:4861)
	at java.desktop/java.awt.LightweightDispatcher.retargetMouseEvent(Container.java:4918)
	at java.desktop/java.awt.LightweightDispatcher.processMouseEvent(Container.java:4547)
	at java.desktop/java.awt.LightweightDispatcher.dispatchEvent(Container.java:4488)
	at java.desktop/java.awt.Container.dispatchEventImpl(Container.java:2307)
	at java.desktop/java.awt.Window.dispatchEventImpl(Window.java:2790)
	at java.desktop/java.awt.Component.dispatchEvent(Component.java:4861)
	at java.desktop/java.awt.EventQueue.dispatchEventImpl(EventQueue.java:778)
	at java.desktop/java.awt.EventQueue$4.run(EventQueue.java:727)
	at java.desktop/java.awt.EventQueue$4.run(EventQueue.java:721)
	at java.base/java.security.AccessController.doPrivileged(Native Method)
	at java.base/java.security.ProtectionDomain$JavaSecurityAccessImpl.doIntersectionPrivilege(ProtectionDomain.java:85)
	at java.base/java.security.ProtectionDomain$JavaSecurityAccessImpl.doIntersectionPrivilege(ProtectionDomain.java:95)
	at java.desktop/java.awt.EventQueue$5.run(EventQueue.java:751)
	at java.desktop/java.awt.EventQueue$5.run(EventQueue.java:749)
	at java.base/java.security.AccessController.doPrivileged(Native Method)
	at java.base/java.security.ProtectionDomain$JavaSecurityAccessImpl.doIntersectionPrivilege(ProtectionDomain.java:85)
	at java.desktop/java.awt.EventQueue.dispatchEvent(EventQueue.java:748)
	at com.intellij.ide.IdeEventQueue.defaultDispatchEvent(IdeEventQueue.java:891)
	at com.intellij.ide.IdeEventQueue.dispatchMouseEvent(IdeEventQueue.java:820)
	at com.intellij.ide.IdeEventQueue._dispatchEvent(IdeEventQueue.java:757)
	at com.intellij.ide.IdeEventQueue.lambda$dispatchEvent$6(IdeEventQueue.java:447)
	at com.intellij.openapi.progress.impl.CoreProgressManager.computePrioritized(CoreProgressManager.java:818)
	at com.intellij.ide.IdeEventQueue.lambda$dispatchEvent$7(IdeEventQueue.java:446)
	at com.intellij.openapi.application.impl.ApplicationImpl.runIntendedWriteActionOnCurrentThread(ApplicationImpl.java:805)
	at com.intellij.ide.IdeEventQueue.dispatchEvent(IdeEventQueue.java:498)
	at java.desktop/java.awt.EventDispatchThread.pumpOneEventForFilters(EventDispatchThread.java:203)
	at java.desktop/java.awt.EventDispatchThread.pumpEventsForFilter(EventDispatchThread.java:124)
	at java.desktop/java.awt.EventDispatchThread.pumpEventsForHierarchy(EventDispatchThread.java:113)
	at java.desktop/java.awt.EventDispatchThread.pumpEvents(EventDispatchThread.java:109)
	at java.desktop/java.awt.EventDispatchThread.pumpEvents(EventDispatchThread.java:101)
	at java.desktop/java.awt.EventDispatchThread.run(EventDispatchThread.java:90)
2022-04-17 11:49:13 WARN  PluginUtil.getCurrentDirectory(109) - Error while getting the current directory.
java.lang.StringIndexOutOfBoundsException: String index out of range: -1
	at java.base/java.lang.String.substring(String.java:1837)
	at com.homework.plugin.PluginUtil.getCurrentVirtualFile(PluginUtil.java:160)
	at com.homework.plugin.PluginUtil.getCurrentDirectory(PluginUtil.java:107)
	at com.homework.plugin.PluginUtil.getTaskTitle(PluginUtil.java:84)
	at com.homework.plugin.button.ValidateButton.actionPerformed(ValidateButton.java:85)
	at com.intellij.openapi.actionSystem.impl.ActionButton.actionPerformed(ActionButton.java:178)
	at com.intellij.openapi.actionSystem.impl.ActionButton.lambda$performAction$0(ActionButton.java:154)
	at com.intellij.openapi.actionSystem.ex.ActionUtil.performDumbAwareWithCallbacks(ActionUtil.java:260)
	at com.intellij.openapi.actionSystem.impl.ActionButton.performAction(ActionButton.java:154)
	at com.intellij.openapi.actionSystem.impl.ActionButton.processMouseEvent(ActionButton.java:449)
	at java.desktop/java.awt.Component.processEvent(Component.java:6419)
	at java.desktop/java.awt.Container.processEvent(Container.java:2263)
	at java.desktop/java.awt.Component.dispatchEventImpl(Component.java:5029)
	at java.desktop/java.awt.Container.dispatchEventImpl(Container.java:2321)
	at java.desktop/java.awt.Component.dispatchEvent(Component.java:4861)
	at java.desktop/java.awt.LightweightDispatcher.retargetMouseEvent(Container.java:4918)
	at java.desktop/java.awt.LightweightDispatcher.processMouseEvent(Container.java:4547)
	at java.desktop/java.awt.LightweightDispatcher.dispatchEvent(Container.java:4488)
	at java.desktop/java.awt.Container.dispatchEventImpl(Container.java:2307)
	at java.desktop/java.awt.Window.dispatchEventImpl(Window.java:2790)
	at java.desktop/java.awt.Component.dispatchEvent(Component.java:4861)
	at java.desktop/java.awt.EventQueue.dispatchEventImpl(EventQueue.java:778)
	at java.desktop/java.awt.EventQueue$4.run(EventQueue.java:727)
	at java.desktop/java.awt.EventQueue$4.run(EventQueue.java:721)
	at java.base/java.security.AccessController.doPrivileged(Native Method)
	at java.base/java.security.ProtectionDomain$JavaSecurityAccessImpl.doIntersectionPrivilege(ProtectionDomain.java:85)
	at java.base/java.security.ProtectionDomain$JavaSecurityAccessImpl.doIntersectionPrivilege(ProtectionDomain.java:95)
	at java.desktop/java.awt.EventQueue$5.run(EventQueue.java:751)
	at java.desktop/java.awt.EventQueue$5.run(EventQueue.java:749)
	at java.base/java.security.AccessController.doPrivileged(Native Method)
	at java.base/java.security.ProtectionDomain$JavaSecurityAccessImpl.doIntersectionPrivilege(ProtectionDomain.java:85)
	at java.desktop/java.awt.EventQueue.dispatchEvent(EventQueue.java:748)
	at com.intellij.ide.IdeEventQueue.defaultDispatchEvent(IdeEventQueue.java:891)
	at com.intellij.ide.IdeEventQueue.dispatchMouseEvent(IdeEventQueue.java:820)
	at com.intellij.ide.IdeEventQueue._dispatchEvent(IdeEventQueue.java:757)
	at com.intellij.ide.IdeEventQueue.lambda$dispatchEvent$6(IdeEventQueue.java:447)
	at com.intellij.openapi.progress.impl.CoreProgressManager.computePrioritized(CoreProgressManager.java:818)
	at com.intellij.ide.IdeEventQueue.lambda$dispatchEvent$7(IdeEventQueue.java:446)
	at com.intellij.openapi.application.impl.ApplicationImpl.runIntendedWriteActionOnCurrentThread(ApplicationImpl.java:805)
	at com.intellij.ide.IdeEventQueue.dispatchEvent(IdeEventQueue.java:498)
	at java.desktop/java.awt.EventDispatchThread.pumpOneEventForFilters(EventDispatchThread.java:203)
	at java.desktop/java.awt.EventDispatchThread.pumpEventsForFilter(EventDispatchThread.java:124)
	at java.desktop/java.awt.EventDispatchThread.pumpEventsForHierarchy(EventDispatchThread.java:113)
	at java.desktop/java.awt.EventDispatchThread.pumpEvents(EventDispatchThread.java:109)
	at java.desktop/java.awt.EventDispatchThread.pumpEvents(EventDispatchThread.java:101)
	at java.desktop/java.awt.EventDispatchThread.run(EventDispatchThread.java:90)
2022-04-17 11:49:13 INFO  ApacheHttpClient.getTask(488) - responseCode = 200
2022-04-17 11:49:13 INFO  ApacheHttpClient.completed(32) - responseCode = 400
2022-04-17 11:49:13 WARN  TaskCompleted.run(74) - You already completed this task: "Что за список такой?"
com.homework.plugin.analytics.PluginWarningException: warning
	at com.homework.plugin.callback.TaskCompleted.run(TaskCompleted.java:74)
	at com.intellij.openapi.application.TransactionGuardImpl.runWithWritingAllowed(TransactionGuardImpl.java:214)
	at com.intellij.openapi.application.TransactionGuardImpl.access$200(TransactionGuardImpl.java:21)
	at com.intellij.openapi.application.TransactionGuardImpl$2.run(TransactionGuardImpl.java:196)
	at com.intellij.openapi.application.impl.ApplicationImpl.runIntendedWriteActionOnCurrentThread(ApplicationImpl.java:805)
	at com.intellij.openapi.application.impl.ApplicationImpl.lambda$invokeLater$4(ApplicationImpl.java:348)
	at com.intellij.openapi.application.impl.FlushQueue.doRun(FlushQueue.java:82)
	at com.intellij.openapi.application.impl.FlushQueue.runNextEvent(FlushQueue.java:131)
	at com.intellij.openapi.application.impl.FlushQueue.flushNow(FlushQueue.java:47)
	at com.intellij.openapi.application.impl.FlushQueue$FlushNow.run(FlushQueue.java:187)
	at java.desktop/java.awt.event.InvocationEvent.dispatch(InvocationEvent.java:313)
	at java.desktop/java.awt.EventQueue.dispatchEventImpl(EventQueue.java:776)
	at java.desktop/java.awt.EventQueue$4.run(EventQueue.java:727)
	at java.desktop/java.awt.EventQueue$4.run(EventQueue.java:721)
	at java.base/java.security.AccessController.doPrivileged(Native Method)
	at java.base/java.security.ProtectionDomain$JavaSecurityAccessImpl.doIntersectionPrivilege(ProtectionDomain.java:85)
	at java.desktop/java.awt.EventQueue.dispatchEvent(EventQueue.java:746)
	at com.intellij.ide.IdeEventQueue.defaultDispatchEvent(IdeEventQueue.java:891)
	at com.intellij.ide.IdeEventQueue._dispatchEvent(IdeEventQueue.java:760)
	at com.intellij.ide.IdeEventQueue.lambda$dispatchEvent$6(IdeEventQueue.java:447)
	at com.intellij.openapi.progress.impl.CoreProgressManager.computePrioritized(CoreProgressManager.java:818)
	at com.intellij.ide.IdeEventQueue.lambda$dispatchEvent$7(IdeEventQueue.java:446)
	at com.intellij.openapi.application.impl.ApplicationImpl.runIntendedWriteActionOnCurrentThread(ApplicationImpl.java:805)
	at com.intellij.ide.IdeEventQueue.dispatchEvent(IdeEventQueue.java:492)
	at java.desktop/java.awt.EventDispatchThread.pumpOneEventForFilters(EventDispatchThread.java:203)
	at java.desktop/java.awt.EventDispatchThread.pumpEventsForFilter(EventDispatchThread.java:124)
	at java.desktop/java.awt.EventDispatchThread.pumpEventsForHierarchy(EventDispatchThread.java:113)
	at java.desktop/java.awt.EventDispatchThread.pumpEvents(EventDispatchThread.java:109)
	at java.desktop/java.awt.EventDispatchThread.pumpEvents(EventDispatchThread.java:101)
	at java.desktop/java.awt.EventDispatchThread.run(EventDispatchThread.java:90)
2022-04-17 11:49:16 INFO  ApacheHttpClient.getWebResourceAsStream(502) - responseCode = 200
2022-04-17 11:49:17 INFO  ApacheHttpClient.getFilteredTasks(336) - responseCode = 200
2022-04-17 11:49:35 INFO  ApacheHttpClient.getTaskTemplateInfo(353) - responseCode = 200
2022-04-17 11:49:36 INFO  TaskInfoSelectorMouseListener.createDirectoryRecursive(77) - File created :C:/Users/PassingPedestrian/OneDrive/Документы/JavaRushTasks/1.JavaSyntax/src/com/javarush/task/task07/task0708
2022-04-17 11:54:20 INFO  ApacheHttpClient.getWebResourceAsStream(502) - responseCode = 200
2022-04-17 11:54:21 INFO  ApacheHttpClient.completed(32) - responseCode = 200
2022-04-17 11:54:21 INFO  ApacheHttpClient.getTask(488) - responseCode = 200
2022-04-17 11:55:29 INFO  ApacheHttpClient.getWebResourceAsStream(502) - responseCode = 200
2022-04-17 11:55:30 INFO  ApacheHttpClient.getTask(488) - responseCode = 200
2022-04-17 11:55:32 INFO  ApacheHttpClient.completed(32) - responseCode = 200
2022-04-17 11:55:32 INFO  ApacheHttpClient.getTask(488) - responseCode = 200
2022-04-17 11:55:34 INFO  ApacheHttpClient.getWebResourceAsStream(502) - responseCode = 200
2022-04-17 11:55:34 INFO  ApacheHttpClient.getFilteredTasks(336) - responseCode = 200
2022-04-17 11:55:39 INFO  ApacheHttpClient.getTaskTemplateInfo(353) - responseCode = 200
2022-04-17 11:55:39 INFO  TaskInfoSelectorMouseListener.createDirectoryRecursive(77) - File created :C:/Users/PassingPedestrian/OneDrive/Документы/JavaRushTasks/1.JavaSyntax/src/com/javarush/task/task07/task0709
2022-04-17 11:57:06 INFO  ApacheHttpClient.getWebResourceAsStream(502) - responseCode = 200
2022-04-17 11:57:07 INFO  ApacheHttpClient.completed(32) - responseCode = 200
2022-04-17 11:57:07 INFO  ApacheHttpClient.getTask(488) - responseCode = 200
2022-04-17 11:57:56 INFO  ApacheHttpClient.getWebResourceAsStream(502) - responseCode = 200
2022-04-17 11:57:57 INFO  ApacheHttpClient.getTask(488) - responseCode = 200
2022-04-17 11:58:00 INFO  ApacheHttpClient.completed(32) - responseCode = 200
2022-04-17 11:58:49 INFO  ApacheHttpClient.getWebResourceAsStream(502) - responseCode = 200
2022-04-17 11:58:49 INFO  ApacheHttpClient.getTask(488) - responseCode = 200
2022-04-17 11:58:51 INFO  ApacheHttpClient.completed(32) - responseCode = 200
2022-04-17 11:58:52 INFO  ApacheHttpClient.getTask(488) - responseCode = 200
2022-04-17 11:58:54 INFO  ApacheHttpClient.getWebResourceAsStream(502) - responseCode = 200
2022-04-17 11:58:54 INFO  ApacheHttpClient.getFilteredTasks(336) - responseCode = 200
2022-04-17 11:58:56 INFO  ApacheHttpClient.getTaskTemplateInfo(353) - responseCode = 200
2022-04-17 11:58:56 INFO  TaskInfoSelectorMouseListener.createDirectoryRecursive(77) - File created :C:/Users/PassingPedestrian/OneDrive/Документы/JavaRushTasks/1.JavaSyntax/src/com/javarush/task/task07/task0710
2022-04-17 12:01:37 INFO  ApacheHttpClient.getWebResourceAsStream(502) - responseCode = 200
2022-04-17 12:01:38 INFO  ApacheHttpClient.getTask(488) - responseCode = 200
2022-04-17 12:01:40 INFO  ApacheHttpClient.completed(32) - responseCode = 200
2022-04-17 12:01:40 INFO  ApacheHttpClient.getTask(488) - responseCode = 200
2022-04-17 12:01:43 INFO  ApacheHttpClient.getWebResourceAsStream(502) - responseCode = 200
2022-04-17 12:01:43 INFO  ApacheHttpClient.getFilteredTasks(336) - responseCode = 200
2022-04-17 12:01:45 INFO  ApacheHttpClient.getTaskTemplateInfo(353) - responseCode = 200
2022-04-17 12:01:45 INFO  TaskInfoSelectorMouseListener.createDirectoryRecursive(77) - File created :C:/Users/PassingPedestrian/OneDrive/Документы/JavaRushTasks/1.JavaSyntax/src/com/javarush/task/task07/task0711
2022-04-17 12:01:45 INFO  ApacheHttpClient.getTaskTemplateInfo(353) - responseCode = 200
2022-04-17 12:06:37 INFO  ApacheHttpClient.getWebResourceAsStream(502) - responseCode = 200
2022-04-17 12:06:37 INFO  ApacheHttpClient.getTask(488) - responseCode = 200
2022-04-17 12:06:39 INFO  ApacheHttpClient.completed(32) - responseCode = 200
2022-04-17 12:07:39 INFO  ApacheHttpClient.getWebResourceAsStream(502) - responseCode = 200
2022-04-17 12:07:40 INFO  ApacheHttpClient.getTask(488) - responseCode = 200
2022-04-17 12:07:41 INFO  ApacheHttpClient.completed(32) - responseCode = 200
2022-04-17 12:07:42 INFO  ApacheHttpClient.getTask(488) - responseCode = 200
2022-04-17 12:07:45 INFO  ApacheHttpClient.getWebResourceAsStream(502) - responseCode = 200
2022-04-17 12:07:45 INFO  ApacheHttpClient.getFilteredTasks(336) - responseCode = 200
2022-04-17 12:07:47 INFO  ApacheHttpClient.getTaskTemplateInfo(353) - responseCode = 200
2022-04-17 12:07:47 INFO  TaskInfoSelectorMouseListener.createDirectoryRecursive(77) - File created :C:/Users/PassingPedestrian/OneDrive/Документы/JavaRushTasks/1.JavaSyntax/src/com/javarush/task/task07/task0712
2022-04-17 12:14:31 INFO  ApacheHttpClient.getWebResourceAsStream(502) - responseCode = 200
2022-04-17 12:14:31 INFO  ApacheHttpClient.getTask(488) - responseCode = 200
2022-04-17 12:14:35 INFO  ApacheHttpClient.completed(32) - responseCode = 200
2022-04-17 12:14:35 INFO  ApacheHttpClient.getTask(488) - responseCode = 200
2022-04-17 12:14:37 INFO  ApacheHttpClient.getWebResourceAsStream(502) - responseCode = 200
2022-04-17 12:14:37 INFO  ApacheHttpClient.getFilteredTasks(336) - responseCode = 200
2022-04-17 12:14:53 INFO  ProjectStartupHandler.projectClosing(155) - ---------- Project closed ----------

2022-04-17 12:14:53 INFO  ApacheHttpClient.getTask(488) - responseCode = 200
2022-04-17 12:14:54 INFO  ApacheHttpClient.getTask(488) - responseCode = 200
2022-04-17 12:14:54 INFO  ApacheHttpClient.getTask(488) - responseCode = 200
2022-04-17 12:14:54 INFO  ApacheHttpClient.getTask(488) - responseCode = 200
2022-04-17 12:14:54 INFO  ApacheHttpClient.getTask(488) - responseCode = 200
2022-04-17 12:14:55 INFO  ApacheHttpClient.getTask(488) - responseCode = 200
2022-04-17 12:14:55 INFO  ApacheHttpClient.getTask(488) - responseCode = 200
2022-04-17 12:14:55 INFO  ApacheHttpClient.getTask(488) - responseCode = 200
2022-04-17 12:14:55 INFO  ApacheHttpClient.getTask(488) - responseCode = 200
2022-04-17 12:14:55 INFO  ApacheHttpClient.getTask(488) - responseCode = 200
2022-04-17 12:14:56 INFO  ApacheHttpClient.getTask(488) - responseCode = 200
2022-04-17 12:14:56 INFO  ApacheHttpClient.getTask(488) - responseCode = 200
2022-04-17 12:14:56 INFO  PluginProjectService.dispose(41) - PluginProjectService for disposed.
2022-04-17 12:32:38 INFO  ProjectStartupHandler.runActivity(74) - ---------- Project opened ----------
2022-04-17 12:32:38 INFO  ProjectStartupHandler.runActivity(75) - ---------- Version 3.56 ----------

2022-04-17 12:32:38 INFO  ApacheHttpClient.isSessionAppropriateWithSecretKey(602) - Waiting for server response.
2022-04-17 12:32:38 INFO  ApacheHttpClient.isSessionAppropriateWithSecretKey(602) - Waiting for server response.
2022-04-17 12:32:38 INFO  ApacheHttpClient.refreshUserInfo(305) - responseCode = 200
2022-04-17 12:32:38 INFO  ApacheHttpClient.refreshUserInfo(311) - User information received.
2022-04-17 12:32:38 INFO  ApacheHttpClient.startGA(36) - GAService started.
2022-04-17 12:33:08 INFO  ApacheHttpClient.getWebResourceAsStream(502) - responseCode = 200
2022-04-17 12:33:08 INFO  ApacheHttpClient.getFilteredTasks(336) - responseCode = 200
2022-04-17 12:33:22 INFO  ProjectStartupHandler.projectClosing(155) - ---------- Project closed ----------

2022-04-17 12:33:22 INFO  PluginProjectService.dispose(41) - PluginProjectService for disposed.
2022-05-23 19:36:05 INFO  ProjectStartupHandler.runActivity(74) - ---------- Project opened ----------
2022-05-23 19:36:05 INFO  ProjectStartupHandler.runActivity(75) - ---------- Version 3.56 ----------

2022-05-23 19:36:05 INFO  ApacheHttpClient.isSessionAppropriateWithSecretKey(602) - Waiting for server response.
2022-05-23 19:36:06 INFO  ApacheHttpClient.refreshUserInfo(305) - responseCode = 200
2022-05-23 19:36:06 INFO  ApacheHttpClient.refreshUserInfo(311) - User information received.
2022-05-23 19:36:06 INFO  ApacheHttpClient.startGA(36) - GAService started.
2022-05-23 19:36:56 INFO  ProjectStartupHandler.projectClosing(155) - ---------- Project closed ----------

2022-05-23 19:36:56 INFO  PluginProjectService.dispose(41) - PluginProjectService for disposed.
